<?xml version="1.0" encoding="UTF-8"?>
<!-- Generated by org.testng.reporters.JUnitReportReporter -->
<testsuite hostname="DESKTOP-95G1362" failures="0" tests="1" name="testCases.frameTests" time="12.429" errors="0" timestamp="2022-12-14T13:34:19 CET" skipped="0">
  <testcase classname="testCases.frameTests" name="frameCheck1" time="12.429"/>
  <system-out/>
</testsuite> <!-- testCases.frameTests -->
