<?xml version="1.0" encoding="UTF-8"?>
<!-- Generated by org.testng.reporters.JUnitReportReporter -->
<testsuite hostname="DESKTOP-95G1362" failures="0" tests="1" name="testCases.PDPtests" time="14.076" errors="0" timestamp="2022-12-21T19:49:49 CET" skipped="0">
  <testcase classname="testCases.PDPtests" name="checkAwesomeTagProduct" time="14.076"/>
  <system-out/>
</testsuite> <!-- testCases.PDPtests -->
