<?xml version="1.0" encoding="UTF-8"?>
<!-- Generated by org.testng.reporters.JUnitReportReporter -->
<testsuite hostname="DESKTOP-95G1362" failures="0" tests="1" name="testCases.CartTests" time="26.939" errors="0" timestamp="2022-12-21T21:19:42 CET" skipped="0">
  <testcase classname="testCases.CartTests" name="emptyCart" time="26.939"/>
  <system-out/>
</testsuite> <!-- testCases.CartTests -->
