<?xml version="1.0" encoding="UTF-8"?>
<!-- Generated by org.testng.reporters.JUnitReportReporter -->
<testsuite hostname="DESKTOP-95G1362" failures="0" tests="1" name="testCases.AddtoWishListTests" time="11.695" errors="0" timestamp="2022-12-23T12:24:34 CET" skipped="0">
  <testcase classname="testCases.AddtoWishListTests" name="checkEmptyWishList" time="11.695"/>
  <system-out/>
</testsuite> <!-- testCases.AddtoWishListTests -->
