<?xml version="1.0" encoding="UTF-8"?>
<!-- Generated by org.testng.reporters.JUnitReportReporter -->
<testsuite hostname="PAVLE-PC" failures="0" tests="1" name="lesson2.Login" time="16.558" errors="0" timestamp="2022-11-26T14:36:36 CET" skipped="0">
  <testcase classname="lesson2.Login" name="CheckrpasswordChange" time="16.558"/>
  <system-out/>
</testsuite> <!-- lesson2.Login -->
