<?xml version="1.0" encoding="UTF-8"?>
<!-- Generated by org.testng.reporters.JUnitReportReporter -->
<testsuite hostname="PAVLE-PC" failures="0" tests="1" name="lesson2.Search" time="21.860" errors="0" timestamp="2022-11-26T09:16:53 CET" skipped="0">
  <testcase classname="lesson2.Search" name="searchResultsCheck1" time="21.860"/>
  <system-out/>
</testsuite> <!-- lesson2.Search -->
