<?xml version="1.0" encoding="UTF-8"?>
<!-- Generated by org.testng.reporters.JUnitReportReporter -->
<testsuite hostname="DESKTOP-95G1362" failures="0" tests="1" name="testCases.explicitWaitsTest2" time="19.096" errors="0" timestamp="2022-12-14T13:33:10 CET" skipped="0">
  <testcase classname="testCases.explicitWaitsTest2" name="checkWaitsInSite" time="19.096"/>
  <system-out/>
</testsuite> <!-- testCases.explicitWaitsTest2 -->
