<?xml version="1.0" encoding="UTF-8"?>
<!-- Generated by org.testng.reporters.JUnitReportReporter -->
<testsuite hostname="PAVLE-PC" failures="0" tests="1" name="lesson2.Cart" time="20.489" errors="0" timestamp="2022-11-26T18:26:50 CET" skipped="0">
  <testcase classname="lesson2.Cart" name="Addrecuringitemincart" time="20.489"/>
  <system-out/>
</testsuite> <!-- lesson2.Cart -->
