<?xml version="1.0" encoding="UTF-8"?>
<!-- Generated by org.testng.reporters.JUnitReportReporter -->
<testsuite hostname="PAVLE-PC" failures="0" tests="1" name="lesson2.PLP" time="13.913" errors="0" timestamp="2022-11-29T17:45:45 CET" skipped="0">
  <testcase classname="lesson2.PLP" name="checkAddtoWishList" time="13.913"/>
  <system-out/>
</testsuite> <!-- lesson2.PLP -->
