<?xml version="1.0" encoding="UTF-8"?>
<!-- Generated by org.testng.reporters.JUnitReportReporter -->
<testsuite hostname="PAVLE-PC" failures="0" tests="1" name="lesson2.Checkout" time="26.453" errors="0" timestamp="2022-11-26T21:29:43 CET" skipped="0">
  <testcase classname="lesson2.Checkout" name="GotoCheckoutasguest1" time="26.453"/>
  <system-out/>
</testsuite> <!-- lesson2.Checkout -->
