<?xml version="1.0" encoding="UTF-8"?>
<!-- Generated by org.testng.reporters.JUnitReportReporter -->
<testsuite hostname="PAVLE-PC" failures="0" tests="1" name="lesson2.PDP" time="22.337" errors="0" timestamp="2022-11-26T22:52:01 CET" skipped="0">
  <testcase classname="lesson2.PDP" name="AddingtoCartwithcheckboxes" time="22.337"/>
  <system-out/>
</testsuite> <!-- lesson2.PDP -->
