<?xml version="1.0" encoding="UTF-8"?>
<!-- Generated by org.testng.reporters.JUnitReportReporter -->
<testsuite hostname="DESKTOP-95G1362" failures="0" tests="1" name="testCases.SearchTestCases" time="18.624" errors="0" timestamp="2022-12-18T18:07:52 CET" skipped="0">
  <testcase classname="testCases.SearchTestCases" name="autoSuggestionKeys" time="18.624"/>
  <system-out/>
</testsuite> <!-- testCases.SearchTestCases -->
