<?xml version="1.0" encoding="UTF-8"?>
<!-- Generated by org.testng.reporters.JUnitReportReporter -->
<testsuite hostname="DESKTOP-95G1362" failures="0" tests="1" name="testCases.GoogleTable" time="12.471" errors="0" timestamp="2022-12-14T13:34:37 CET" skipped="0">
  <testcase classname="testCases.GoogleTable" name="checkGoogleCPU" time="12.471"/>
  <system-out/>
</testsuite> <!-- testCases.GoogleTable -->
