<?xml version="1.0" encoding="UTF-8"?>
<!-- Generated by org.testng.reporters.JUnitReportReporter -->
<testsuite hostname="DESKTOP-95G1362" failures="0" tests="1" name="testCases.RegisterPageTestCases" time="12.089" errors="0" timestamp="2022-12-23T12:42:30 CET" skipped="0">
  <testcase classname="testCases.RegisterPageTestCases" name="registerWithValidCredentials" time="12.089"/>
  <system-out/>
</testsuite> <!-- testCases.RegisterPageTestCases -->
