<?xml version="1.0" encoding="UTF-8"?>
<!-- Generated by org.testng.reporters.JUnitReportReporter -->
<testsuite hostname="DESKTOP-95G1362" failures="0" tests="1" name="testCases.LoginPageTestCases" time="10.633" errors="0" timestamp="2022-12-18T15:54:25 CET" skipped="0">
  <testcase classname="testCases.LoginPageTestCases" name="loginWithValidCredentials" time="10.633"/>
  <system-out/>
</testsuite> <!-- testCases.LoginPageTestCases -->
