<?xml version="1.0" encoding="UTF-8"?>
<!-- Generated by org.testng.reporters.JUnitReportReporter -->
<testsuite hostname="DESKTOP-95G1362" failures="0" tests="1" name="testCases.CheckoutTests" time="42.276" errors="0" timestamp="2022-12-18T14:53:28 CET" skipped="0">
  <testcase classname="testCases.CheckoutTests" name="checkoutDiffrentCreditCard" time="42.276"/>
  <system-out/>
</testsuite> <!-- testCases.CheckoutTests -->
