<?xml version="1.0" encoding="UTF-8"?>
<!-- Generated by org.testng.reporters.JUnitReportReporter -->
<testsuite hostname="DESKTOP-95G1362" failures="0" tests="1" name="testCases.PLPtests" time="16.835" errors="0" timestamp="2022-12-19T20:10:28 CET" skipped="0">
  <testcase classname="testCases.PLPtests" name="checkColorOnMenu" time="16.835"/>
  <system-out/>
</testsuite> <!-- testCases.PLPtests -->
